<?xml version="1.0" encoding="UTF-8"?>
<testng-results skipped="0" failed="0" ignored="0" total="1" passed="1">
  <reporter-output>
  </reporter-output>
  <suite name="Default suite" duration-ms="9311" started-at="2022-12-26T19:00:19 CST" finished-at="2022-12-26T19:00:28 CST">
    <groups>
    </groups>
    <test name="Default test" duration-ms="9311" started-at="2022-12-26T19:00:19 CST" finished-at="2022-12-26T19:00:28 CST">
      <class name="googleScreenshotPro.ScreenShot">
        <test-method status="PASS" signature="launchBrowser()[pri:0, instance:googleScreenshotPro.ScreenShot@5c072e3f]" name="launchBrowser" is-config="true" duration-ms="4379" started-at="2022-12-26T19:00:19 CST" finished-at="2022-12-26T19:00:23 CST">
          <reporter-output>
          </reporter-output>
        </test-method> <!-- launchBrowser -->
        <test-method status="PASS" signature="test1()[pri:0, instance:googleScreenshotPro.ScreenShot@5c072e3f]" name="test1" duration-ms="4698" started-at="2022-12-26T19:00:23 CST" finished-at="2022-12-26T19:00:28 CST">
          <reporter-output>
          </reporter-output>
        </test-method> <!-- test1 -->
        <test-method status="PASS" signature="tearDown()[pri:0, instance:googleScreenshotPro.ScreenShot@5c072e3f]" name="tearDown" is-config="true" duration-ms="211" started-at="2022-12-26T19:00:28 CST" finished-at="2022-12-26T19:00:28 CST">
          <reporter-output>
          </reporter-output>
        </test-method> <!-- tearDown -->
      </class> <!-- googleScreenshotPro.ScreenShot -->
    </test> <!-- Default test -->
  </suite> <!-- Default suite -->
</testng-results>
